Watching for file changes with StatReloader
[04/Nov/2019 06:45:03] "GET / HTTP/1.1" 200 5668
[04/Nov/2019 06:45:03] "GET / HTTP/1.1" 200 5668
[04/Nov/2019 06:45:04] "GET / HTTP/1.1" 200 5668
[04/Nov/2019 06:45:04] "GET / HTTP/1.1" 200 5668
[04/Nov/2019 06:46:40] "GET /api/v1/vms/ HTTP/1.1" 200 7007
[04/Nov/2019 06:46:40] "GET /static/rest_framework/css/bootstrap.min.css HTTP/1.1" 304 0
[04/Nov/2019 06:46:40] "GET /static/rest_framework/js/jquery-3.4.1.min.js HTTP/1.1" 304 0
[04/Nov/2019 06:46:40] "GET /static/rest_framework/css/default.css HTTP/1.1" 304 0
[04/Nov/2019 06:46:40] "GET /static/rest_framework/js/ajax-form.js HTTP/1.1" 304 0
[04/Nov/2019 06:46:40] "GET /static/rest_framework/js/csrf.js HTTP/1.1" 304 0
[04/Nov/2019 06:46:40] "GET /static/rest_framework/css/prettify.css HTTP/1.1" 304 0
[04/Nov/2019 06:46:40] "GET /static/rest_framework/css/bootstrap-tweaks.css HTTP/1.1" 304 0
[04/Nov/2019 06:46:40] "GET /static/rest_framework/js/bootstrap.min.js HTTP/1.1" 304 0
[04/Nov/2019 06:46:40] "GET /static/rest_framework/js/default.js HTTP/1.1" 304 0
[04/Nov/2019 06:46:40] "GET /static/rest_framework/js/prettify-min.js HTTP/1.1" 304 0
[04/Nov/2019 06:47:28] "GET / HTTP/1.1" 200 5668
[04/Nov/2019 06:47:29] "GET /api/v1/vms/test1/ HTTP/1.1" 200 8749
Not Found: /api/v1/vms/
[04/Nov/2019 06:51:06] "POST /api/v1/vms/ HTTP/1.1" 404 46
Not Found: /api/v1/vms/
[04/Nov/2019 06:52:19] "POST /api/v1/vms/ HTTP/1.1" 404 46
Not Found: /api/v1/vms/
[04/Nov/2019 06:52:42] "POST /api/v1/vms/ HTTP/1.1" 404 46
[04/Nov/2019 06:53:24] "GET /static/rest_framework/css/bootstrap.min.css HTTP/1.1" 304 0
[04/Nov/2019 06:53:24] "GET /static/rest_framework/css/prettify.css HTTP/1.1" 304 0
[04/Nov/2019 06:53:24] "GET /static/rest_framework/css/bootstrap-tweaks.css HTTP/1.1" 304 0
[04/Nov/2019 06:53:24] "GET /static/rest_framework/css/default.css HTTP/1.1" 304 0
[04/Nov/2019 06:53:24] "GET /static/rest_framework/css/bootstrap.min.css.map HTTP/1.1" 404 1850
[04/Nov/2019 06:53:33] "GET /api/v1/vms/test1/ HTTP/1.1" 200 8749
[04/Nov/2019 06:53:33] "GET /static/rest_framework/js/jquery-3.4.1.min.js HTTP/1.1" 304 0
[04/Nov/2019 06:53:33] "GET /static/rest_framework/js/ajax-form.js HTTP/1.1" 304 0
[04/Nov/2019 06:53:33] "GET /static/rest_framework/js/default.js HTTP/1.1" 304 0
[04/Nov/2019 06:53:33] "GET /static/rest_framework/js/prettify-min.js HTTP/1.1" 304 0
[04/Nov/2019 06:53:33] "GET /static/rest_framework/js/bootstrap.min.js HTTP/1.1" 304 0
[04/Nov/2019 06:53:33] "GET /static/rest_framework/js/csrf.js HTTP/1.1" 304 0
[04/Nov/2019 06:53:33] "GET /static/rest_framework/css/bootstrap.min.css.map HTTP/1.1" 404 1850
[04/Nov/2019 06:54:18] "GET /api/v1/vms/ HTTP/1.1" 200 7007
[04/Nov/2019 06:54:18] "GET /static/rest_framework/css/bootstrap.min.css.map HTTP/1.1" 404 1850
Performing system checks...

System check identified no issues (0 silenced).
November 04, 2019 - 06:45:02
Django version 2.2.6, using settings 'vm_api.settings'
Starting development server at http://0.0.0.0:8999/
Quit the server with CONTROL-C.
[04/Nov/2019 06:54:32] "POST /api/v1/vms/ HTTP/1.1" 201 6978
[04/Nov/2019 06:54:32] "GET /static/rest_framework/css/bootstrap.min.css.map HTTP/1.1" 404 1850
[04/Nov/2019 06:55:31] "GET /api/v1/vms/ HTTP/1.1" 200 7064
[04/Nov/2019 06:55:31] "GET /static/rest_framework/css/bootstrap.min.css.map HTTP/1.1" 404 1850
[04/Nov/2019 06:55:32] "GET / HTTP/1.1" 200 5823
[04/Nov/2019 06:55:33] "GET /static/rest_framework/css/bootstrap.min.css.map HTTP/1.1" 404 1850
[04/Nov/2019 06:55:34] "GET /api/v1/vms/test2/ HTTP/1.1" 200 8749
[04/Nov/2019 06:55:34] "GET /static/rest_framework/css/bootstrap.min.css.map HTTP/1.1" 404 1850
[04/Nov/2019 06:55:49] "PUT /api/v1/vms/test2/ HTTP/1.1" 200 10984
[04/Nov/2019 06:55:49] "GET /static/rest_framework/css/bootstrap.min.css.map HTTP/1.1" 404 1850
Not Found: /api/v1/vms/
[04/Nov/2019 06:55:54] "POST /api/v1/vms/ HTTP/1.1" 404 46
[04/Nov/2019 06:56:15] "GET /api/v1/vms/ HTTP/1.1" 200 7007
[04/Nov/2019 06:56:15] "GET /static/rest_framework/css/bootstrap.min.css HTTP/1.1" 304 0
[04/Nov/2019 06:56:15] "GET /static/rest_framework/css/prettify.css HTTP/1.1" 304 0
[04/Nov/2019 06:56:15] "GET /static/rest_framework/css/default.css HTTP/1.1" 304 0
[04/Nov/2019 06:56:15] "GET /static/rest_framework/css/bootstrap-tweaks.css HTTP/1.1" 304 0
[04/Nov/2019 06:56:15] "GET /static/rest_framework/js/csrf.js HTTP/1.1" 304 0
[04/Nov/2019 06:56:15] "GET /static/rest_framework/js/ajax-form.js HTTP/1.1" 304 0
[04/Nov/2019 06:56:15] "GET /static/rest_framework/js/jquery-3.4.1.min.js HTTP/1.1" 304 0
[04/Nov/2019 06:56:15] "GET /static/rest_framework/js/bootstrap.min.js HTTP/1.1" 304 0
[04/Nov/2019 06:56:15] "GET /static/rest_framework/js/default.js HTTP/1.1" 304 0
[04/Nov/2019 06:56:15] "GET /static/rest_framework/js/prettify-min.js HTTP/1.1" 304 0
[04/Nov/2019 06:56:15] "GET /static/rest_framework/css/bootstrap.min.css.map HTTP/1.1" 404 1850
[04/Nov/2019 06:56:16] "GET / HTTP/1.1" 200 5668
[04/Nov/2019 06:56:16] "GET /static/rest_framework/css/bootstrap.min.css.map HTTP/1.1" 404 1850
[04/Nov/2019 06:56:17] "GET /api/v1/vms/ HTTP/1.1" 200 7007
[04/Nov/2019 06:56:17] "GET /static/rest_framework/css/bootstrap.min.css.map HTTP/1.1" 404 1850
Not Found: /api/v1/vms/
[04/Nov/2019 06:56:25] "POST /api/v1/vms/ HTTP/1.1" 404 46
[04/Nov/2019 06:57:34] "POST /api/v1/vms/ HTTP/1.1" 201 37
[04/Nov/2019 06:58:04] "GET /api/v1/vms/ HTTP/1.1" 200 7064
[04/Nov/2019 06:58:04] "GET /static/rest_framework/css/default.css HTTP/1.1" 304 0
[04/Nov/2019 06:58:04] "GET /static/rest_framework/css/bootstrap.min.css HTTP/1.1" 304 0
[04/Nov/2019 06:58:04] "GET /static/rest_framework/js/jquery-3.4.1.min.js HTTP/1.1" 304 0
[04/Nov/2019 06:58:04] "GET /static/rest_framework/css/bootstrap-tweaks.css HTTP/1.1" 304 0
[04/Nov/2019 06:58:04] "GET /static/rest_framework/css/prettify.css HTTP/1.1" 304 0
[04/Nov/2019 06:58:04] "GET /static/rest_framework/js/csrf.js HTTP/1.1" 304 0
[04/Nov/2019 06:58:04] "GET /static/rest_framework/js/ajax-form.js HTTP/1.1" 304 0
[04/Nov/2019 06:58:04] "GET /static/rest_framework/js/bootstrap.min.js HTTP/1.1" 304 0
[04/Nov/2019 06:58:04] "GET /static/rest_framework/js/default.js HTTP/1.1" 304 0
[04/Nov/2019 06:58:04] "GET /static/rest_framework/js/prettify-min.js HTTP/1.1" 304 0
[04/Nov/2019 06:58:05] "GET /static/rest_framework/img/grid.png HTTP/1.1" 304 0
[04/Nov/2019 07:00:44] "GET /api/v1/vms/ HTTP/1.1" 200 51
[04/Nov/2019 07:01:21] "GET /api/v1/vms/test2 HTTP/1.1" 301 0
[04/Nov/2019 07:01:28] "GET /api/v1/vms/test2 HTTP/1.1" 301 0
[04/Nov/2019 07:01:30] "GET /api/v1/vms/test1 HTTP/1.1" 301 0
[04/Nov/2019 07:01:36] "GET / HTTP/1.1" 200 5823
[04/Nov/2019 07:01:36] "GET /static/rest_framework/css/bootstrap.min.css HTTP/1.1" 304 0
[04/Nov/2019 07:01:36] "GET /static/rest_framework/css/bootstrap-tweaks.css HTTP/1.1" 304 0
[04/Nov/2019 07:01:36] "GET /static/rest_framework/css/default.css HTTP/1.1" 304 0
[04/Nov/2019 07:01:36] "GET /static/rest_framework/js/ajax-form.js HTTP/1.1" 304 0
[04/Nov/2019 07:01:36] "GET /static/rest_framework/js/jquery-3.4.1.min.js HTTP/1.1" 304 0
[04/Nov/2019 07:01:36] "GET /static/rest_framework/css/prettify.css HTTP/1.1" 304 0
[04/Nov/2019 07:01:36] "GET /static/rest_framework/js/bootstrap.min.js HTTP/1.1" 304 0
[04/Nov/2019 07:01:36] "GET /static/rest_framework/js/csrf.js HTTP/1.1" 304 0
[04/Nov/2019 07:01:36] "GET /static/rest_framework/js/prettify-min.js HTTP/1.1" 304 0
[04/Nov/2019 07:01:36] "GET /static/rest_framework/js/default.js HTTP/1.1" 304 0
[04/Nov/2019 07:01:36] "GET /static/rest_framework/img/grid.png HTTP/1.1" 304 0
[04/Nov/2019 07:01:42] "GET /api/v1/vms/test2/ HTTP/1.1" 200 8749
[04/Nov/2019 07:01:55] "GET /api/v1/vms/test2/ HTTP/1.1" 200 238
[04/Nov/2019 07:03:12] "DELETE /api/v1/vms/test2/ HTTP/1.1" 200 39
[04/Nov/2019 07:03:51] "PUT /api/v1/vms/test2/ HTTP/1.1" 200 36
[04/Nov/2019 07:05:34] "DELETE /api/v1/vms/test2/ HTTP/1.1" 200 45
[04/Nov/2019 07:05:41] "PUT /api/v1/vms/test2/ HTTP/1.1" 200 36
[04/Nov/2019 07:07:53] "PUT /api/v1/vms/test2/ HTTP/1.1" 200 38
[04/Nov/2019 07:10:02] "GET /api/v1/hosts/ HTTP/1.1" 200 28326
[04/Nov/2019 07:11:11] "GET / HTTP/1.1" 200 262
[04/Nov/2019 07:11:20] "GET /api/v1/vms/ HTTP/1.1" 200 7064
[04/Nov/2019 07:11:20] "GET /static/rest_framework/css/default.css HTTP/1.1" 304 0
[04/Nov/2019 07:11:20] "GET /static/rest_framework/css/bootstrap.min.css HTTP/1.1" 304 0
[04/Nov/2019 07:11:20] "GET /static/rest_framework/js/jquery-3.4.1.min.js HTTP/1.1" 304 0
[04/Nov/2019 07:11:20] "GET /static/rest_framework/css/prettify.css HTTP/1.1" 304 0
[04/Nov/2019 07:11:20] "GET /static/rest_framework/js/ajax-form.js HTTP/1.1" 304 0
[04/Nov/2019 07:11:20] "GET /static/rest_framework/css/bootstrap-tweaks.css HTTP/1.1" 304 0
[04/Nov/2019 07:11:20] "GET /static/rest_framework/js/csrf.js HTTP/1.1" 304 0
[04/Nov/2019 07:11:20] "GET /static/rest_framework/js/prettify-min.js HTTP/1.1" 304 0
[04/Nov/2019 07:11:20] "GET /static/rest_framework/js/bootstrap.min.js HTTP/1.1" 304 0
[04/Nov/2019 07:11:20] "GET /static/rest_framework/js/default.js HTTP/1.1" 304 0
[04/Nov/2019 07:11:22] "GET / HTTP/1.1" 200 5823
[04/Nov/2019 07:11:30] "GET /api/v1/vms/test2/ HTTP/1.1" 200 8749
[04/Nov/2019 07:15:14] "GET /api/v1/vms/ HTTP/1.1" 200 7064
[04/Nov/2019 07:17:06] "GET / HTTP/1.1" 200 5823
[04/Nov/2019 07:17:06] "GET /static/rest_framework/css/bootstrap.min.css HTTP/1.1" 304 0
[04/Nov/2019 07:17:06] "GET /static/rest_framework/js/ajax-form.js HTTP/1.1" 304 0
[04/Nov/2019 07:17:06] "GET /static/rest_framework/css/default.css HTTP/1.1" 304 0
[04/Nov/2019 07:17:06] "GET /static/rest_framework/css/prettify.css HTTP/1.1" 304 0
[04/Nov/2019 07:17:06] "GET /static/rest_framework/js/jquery-3.4.1.min.js HTTP/1.1" 304 0
[04/Nov/2019 07:17:06] "GET /static/rest_framework/css/bootstrap-tweaks.css HTTP/1.1" 304 0
[04/Nov/2019 07:17:06] "GET /static/rest_framework/js/csrf.js HTTP/1.1" 304 0
[04/Nov/2019 07:17:06] "GET /static/rest_framework/js/bootstrap.min.js HTTP/1.1" 304 0
[04/Nov/2019 07:17:06] "GET /static/rest_framework/js/default.js HTTP/1.1" 304 0
[04/Nov/2019 07:17:06] "GET /static/rest_framework/js/prettify-min.js HTTP/1.1" 304 0
[04/Nov/2019 07:17:08] "GET /api/v1/vms/test2/ HTTP/1.1" 200 8749
[04/Nov/2019 07:18:57] "GET /api/v1/hosts/ HTTP/1.1" 200 78170
[04/Nov/2019 08:17:23] "GET / HTTP/1.1" 200 5823
[04/Nov/2019 08:17:23] "GET /static/rest_framework/css/default.css HTTP/1.1" 304 0
[04/Nov/2019 08:17:23] "GET /static/rest_framework/css/prettify.css HTTP/1.1" 304 0
[04/Nov/2019 08:17:23] "GET /static/rest_framework/css/bootstrap-tweaks.css HTTP/1.1" 304 0
[04/Nov/2019 08:17:23] "GET /static/rest_framework/js/ajax-form.js HTTP/1.1" 304 0
[04/Nov/2019 08:17:23] "GET /static/rest_framework/js/csrf.js HTTP/1.1" 304 0
[04/Nov/2019 08:17:23] "GET /static/rest_framework/css/bootstrap.min.css HTTP/1.1" 304 0
[04/Nov/2019 08:17:23] "GET /static/rest_framework/js/bootstrap.min.js HTTP/1.1" 304 0
[04/Nov/2019 08:17:23] "GET /static/rest_framework/js/prettify-min.js HTTP/1.1" 304 0
[04/Nov/2019 08:17:23] "GET /static/rest_framework/js/default.js HTTP/1.1" 304 0
[04/Nov/2019 08:17:23] "GET /static/rest_framework/js/jquery-3.4.1.min.js HTTP/1.1" 304 0
[04/Nov/2019 08:17:23] "GET /static/rest_framework/img/grid.png HTTP/1.1" 304 0
[04/Nov/2019 08:17:25] "GET / HTTP/1.1" 200 5823
[04/Nov/2019 08:17:26] "GET / HTTP/1.1" 200 5823
[04/Nov/2019 08:17:26] "GET / HTTP/1.1" 200 5823
[04/Nov/2019 08:17:26] "GET / HTTP/1.1" 200 5823
[04/Nov/2019 08:17:28] "GET /api/v1/vms/test/ HTTP/1.1" 200 8740
[04/Nov/2019 08:17:31] "GET /api/v1/vms/test2/ HTTP/1.1" 200 8749
[04/Nov/2019 08:17:34] "GET /api/v1/vms/test/ HTTP/1.1" 200 8740
[04/Nov/2019 08:17:52] "GET /api/v1/vms/test1/ HTTP/1.1" 200 8749
[04/Nov/2019 08:17:54] "GET /api/v1/vms/ HTTP/1.1" 200 7064
[04/Nov/2019 08:17:55] "GET / HTTP/1.1" 200 5823
[04/Nov/2019 08:17:57] "OPTIONS / HTTP/1.1" 200 5428
[04/Nov/2019 08:18:00] "OPTIONS / HTTP/1.1" 200 5428
[04/Nov/2019 08:18:00] "OPTIONS / HTTP/1.1" 200 5428
[04/Nov/2019 08:18:01] "OPTIONS / HTTP/1.1" 200 5428
[04/Nov/2019 08:18:03] "GET / HTTP/1.1" 200 5823
[04/Nov/2019 08:18:04] "GET / HTTP/1.1" 200 5823
[04/Nov/2019 08:18:04] "GET / HTTP/1.1" 200 5823
[04/Nov/2019 08:18:05] "GET /api/v1/vms/test1/ HTTP/1.1" 200 8749
[04/Nov/2019 08:18:07] "GET /api/v1/vms/ HTTP/1.1" 200 7064
[04/Nov/2019 08:18:08] "GET / HTTP/1.1" 200 5823
[04/Nov/2019 08:18:11] "GET /api/v1/vms/test2/ HTTP/1.1" 200 8749
[04/Nov/2019 08:18:14] "GET /api/v1/vms/ HTTP/1.1" 200 7064
[04/Nov/2019 08:18:16] "GET / HTTP/1.1" 200 5823
[04/Nov/2019 08:18:25] "GET /api/v1/vms/test2/ HTTP/1.1" 200 8749
[04/Nov/2019 08:18:50] "GET / HTTP/1.1" 200 5823
[04/Nov/2019 08:20:48] "GET /api/v1/vms/test2/ HTTP/1.1" 200 8749
[04/Nov/2019 08:21:43] "GET / HTTP/1.1" 200 5823
[04/Nov/2019 08:24:13] "GET /api/v1/vms/test1/ HTTP/1.1" 200 8749
[04/Nov/2019 08:24:19] "GET / HTTP/1.1" 200 5823
[04/Nov/2019 08:24:22] "GET /api/v1/vms/test2/ HTTP/1.1" 200 8749
[04/Nov/2019 08:24:24] "GET /api/v1/vms/test2/ HTTP/1.1" 200 8749
[04/Nov/2019 08:24:25] "GET /api/v1/vms/ HTTP/1.1" 200 7064
[04/Nov/2019 08:24:26] "GET / HTTP/1.1" 200 5823
[04/Nov/2019 08:24:50] "GET /api/v1/vms/test2/ HTTP/1.1" 200 8749
[04/Nov/2019 08:24:52] "GET /api/v1/vms/ HTTP/1.1" 200 7064
[04/Nov/2019 08:25:01] "GET /static/rest_framework/css/bootstrap.min.css.map HTTP/1.1" 404 1850
